[2023-07-31T18:30:59.551+0000] {taskinstance.py:1103} INFO - Dependencies all met for dep_context=non-requeueable deps ti=<TaskInstance: userCase2.validate_file manual__2023-07-31T18:30:41.073790+00:00 [queued]>
[2023-07-31T18:30:59.570+0000] {taskinstance.py:1103} INFO - Dependencies all met for dep_context=requeueable deps ti=<TaskInstance: userCase2.validate_file manual__2023-07-31T18:30:41.073790+00:00 [queued]>
[2023-07-31T18:30:59.570+0000] {taskinstance.py:1308} INFO - Starting attempt 1 of 1
[2023-07-31T18:30:59.600+0000] {taskinstance.py:1327} INFO - Executing <Task(PythonOperator): validate_file> on 2023-07-31 18:30:41.073790+00:00
[2023-07-31T18:30:59.617+0000] {standard_task_runner.py:57} INFO - Started process 4295 to run task
[2023-07-31T18:30:59.627+0000] {standard_task_runner.py:84} INFO - Running: ['***', 'tasks', 'run', 'userCase2', 'validate_file', 'manual__2023-07-31T18:30:41.073790+00:00', '--job-id', '99', '--raw', '--subdir', 'DAGS_FOLDER/userCase.py', '--cfg-path', '/tmp/tmpjbyj5_wu']
[2023-07-31T18:30:59.632+0000] {standard_task_runner.py:85} INFO - Job 99: Subtask validate_file
[2023-07-31T18:30:59.655+0000] {warnings.py:109} WARNING - /home/***/.local/lib/python3.9/site-packages/***/settings.py:195: DeprecationWarning: The sql_alchemy_conn option in [core] has been moved to the sql_alchemy_conn option in [database] - the old setting has been used, but please update your config.
  SQL_ALCHEMY_CONN = conf.get("database", "SQL_ALCHEMY_CONN")

[2023-07-31T18:30:59.724+0000] {task_command.py:410} INFO - Running <TaskInstance: userCase2.validate_file manual__2023-07-31T18:30:41.073790+00:00 [running]> on host 484e6be077e8
[2023-07-31T18:30:59.886+0000] {taskinstance.py:1545} INFO - Exporting env vars: AIRFLOW_CTX_DAG_OWNER='***' AIRFLOW_CTX_DAG_ID='userCase2' AIRFLOW_CTX_TASK_ID='validate_file' AIRFLOW_CTX_EXECUTION_DATE='2023-07-31T18:30:41.073790+00:00' AIRFLOW_CTX_TRY_NUMBER='1' AIRFLOW_CTX_DAG_RUN_ID='manual__2023-07-31T18:30:41.073790+00:00'
[2023-07-31T18:30:59.888+0000] {logging_mixin.py:150} INFO - Reading the file
[2023-07-31T18:31:00.142+0000] {taskinstance.py:1824} ERROR - Task failed with exception
Traceback (most recent call last):
  File "/home/airflow/.local/lib/python3.9/site-packages/airflow/operators/python.py", line 181, in execute
    return_value = self.execute_callable()
  File "/home/airflow/.local/lib/python3.9/site-packages/airflow/operators/python.py", line 198, in execute_callable
    return self.python_callable(*self.op_args, **self.op_kwargs)
  File "/opt/airflow/dags/userCase.py", line 29, in validateFile
    obj = s3.get_object(Bucket="myawsbucket19080",Key="raw/movies.csv")
  File "/home/airflow/.local/lib/python3.9/site-packages/botocore/client.py", line 530, in _api_call
    return self._make_api_call(operation_name, kwargs)
  File "/home/airflow/.local/lib/python3.9/site-packages/botocore/client.py", line 947, in _make_api_call
    http, parsed_response = self._make_request(
  File "/home/airflow/.local/lib/python3.9/site-packages/botocore/client.py", line 970, in _make_request
    return self._endpoint.make_request(operation_model, request_dict)
  File "/home/airflow/.local/lib/python3.9/site-packages/botocore/endpoint.py", line 119, in make_request
    return self._send_request(request_dict, operation_model)
  File "/home/airflow/.local/lib/python3.9/site-packages/botocore/endpoint.py", line 198, in _send_request
    request = self.create_request(request_dict, operation_model)
  File "/home/airflow/.local/lib/python3.9/site-packages/botocore/endpoint.py", line 134, in create_request
    self._event_emitter.emit(
  File "/home/airflow/.local/lib/python3.9/site-packages/botocore/hooks.py", line 412, in emit
    return self._emitter.emit(aliased_event_name, **kwargs)
  File "/home/airflow/.local/lib/python3.9/site-packages/botocore/hooks.py", line 256, in emit
    return self._emit(event_name, kwargs)
  File "/home/airflow/.local/lib/python3.9/site-packages/botocore/hooks.py", line 239, in _emit
    response = handler(**kwargs)
  File "/home/airflow/.local/lib/python3.9/site-packages/botocore/signers.py", line 105, in handler
    return self.sign(operation_name, request)
  File "/home/airflow/.local/lib/python3.9/site-packages/botocore/signers.py", line 189, in sign
    auth.add_auth(request)
  File "/home/airflow/.local/lib/python3.9/site-packages/botocore/auth.py", line 418, in add_auth
    raise NoCredentialsError()
botocore.exceptions.NoCredentialsError: Unable to locate credentials
[2023-07-31T18:31:00.206+0000] {taskinstance.py:1345} INFO - Marking task as FAILED. dag_id=userCase2, task_id=validate_file, execution_date=20230731T183041, start_date=20230731T183059, end_date=20230731T183100
[2023-07-31T18:31:00.231+0000] {standard_task_runner.py:104} ERROR - Failed to execute job 99 for task validate_file (Unable to locate credentials; 4295)
[2023-07-31T18:31:00.253+0000] {local_task_job_runner.py:225} INFO - Task exited with return code 1
[2023-07-31T18:31:00.302+0000] {taskinstance.py:2653} INFO - 0 downstream tasks scheduled from follow-on schedule check
